<?xml version="1.0" encoding="UTF-8"?>
<!-- Generated by org.testng.reporters.JUnitReportReporter -->
<testsuite hostname="USER" failures="0" tests="1" name="Verify_Login_Func" time="6.760" errors="0" timestamp="2024-07-26T23:58:59 GMT+02:00" skipped="0">
  <testcase classname="Verify_Login_Func" name="Verify_Valid_Login" time="6.760">
    <system-out>
      <![CDATA[-- Open Base URL
-- Trying Enter Credentials
-- Click Login Button
-- Reaching HomePage
-- Manager ID is shown in o/p
-- Passed Test case]]>
    </system-out>
  </testcase> <!-- Verify_Valid_Login -->
  <system-out>
    <![CDATA[-- Open Base URL
-- Trying Enter Credentials
-- Click Login Button
-- Reaching HomePage
-- Manager ID is shown in o/p
-- Passed Test case
-- Open Base URL
-- Trying Enter Invalid Credentials
-- Click Login Button
-- Pop-up window show with error text
-- Open Base URL
-- Trying Enter Credentials
-- Click Login Button
-- Pop-up window show with error text
-- Open Base URL
-- Trying Enter Credentials
-- Click Login Button
-- Pop-up window show with error text]]>
  </system-out>
</testsuite> <!-- Verify_Login_Func -->
