<?xml version="1.0" encoding="UTF-8"?>
<!-- Generated by org.testng.reporters.JUnitReportReporter -->
<testsuite hostname="USER" failures="0" tests="4" name="Verify_Login_Func" time="39.859" errors="0" timestamp="2024-08-10T01:15:45 GMT+02:00" skipped="0">
  <testcase classname="Verify_Login_Func" name="Verify_Login" time="11.610">
    <system-out>
      <![CDATA[-- Open Base URL
-- Trying Enter Credentials
-- Click Login Button
-- Reaching HomePage
<img src='screenshots\20240810_011522.png' alt='screenshot' style="width:500px;height:500px;" />
-- Manager ID is shown in o/p
-- Passed Test case]]>
    </system-out>
  </testcase> <!-- Verify_Login -->
  <testcase classname="Verify_Login_Func" name="Verify_Login" time="7.043">
    <system-out>
      <![CDATA[-- Open Base URL
-- Trying Enter Credentials
-- Click Login Button
-- Pop-up window show with error text
-- Passed Test case]]>
    </system-out>
  </testcase> <!-- Verify_Login -->
  <testcase classname="Verify_Login_Func" name="Verify_Login" time="7.113">
    <system-out>
      <![CDATA[-- Open Base URL
-- Trying Enter Credentials
-- Click Login Button
-- Pop-up window show with error text
-- Passed Test case]]>
    </system-out>
  </testcase> <!-- Verify_Login -->
  <testcase classname="Verify_Login_Func" name="Verify_Login" time="14.093">
    <system-out>
      <![CDATA[-- Open Base URL
-- Trying Enter Credentials
-- Click Login Button
-- Pop-up window show with error text
-- Passed Test case]]>
    </system-out>
  </testcase> <!-- Verify_Login -->
  <system-out>
    <![CDATA[-- Open Base URL
-- Trying Enter Credentials
-- Click Login Button
-- Reaching HomePage
<img src='screenshots\20240810_011522.png' alt='screenshot' style="width:500px;height:500px;" />
-- Manager ID is shown in o/p
-- Passed Test case
-- Open Base URL
-- Trying Enter Credentials
-- Click Login Button
-- Pop-up window show with error text
-- Passed Test case
-- Open Base URL
-- Trying Enter Credentials
-- Click Login Button
-- Pop-up window show with error text
-- Passed Test case
-- Open Base URL
-- Trying Enter Credentials
-- Click Login Button
-- Pop-up window show with error text
-- Passed Test case]]>
  </system-out>
</testsuite> <!-- Verify_Login_Func -->
