<?xml version="1.0" encoding="UTF-8"?>
<!-- Generated by org.testng.reporters.JUnitReportReporter -->
<testsuite hostname="USER" failures="0" tests="1" name="Verify_Login_Func" time="6.328" errors="0" timestamp="2024-07-23T16:01:43 GMT+02:00" skipped="0">
  <testcase classname="Verify_Login_Func" name="Verify_Login" time="6.328">
    <system-out>
      <![CDATA[-- Open Base URL
-- Trying Enter Credentials
-- Click Login Button
-- Reaching HomePage]]>
    </system-out>
  </testcase> <!-- Verify_Login -->
  <system-out>
    <![CDATA[-- Open Base URL
-- Trying Enter Credentials
-- Click Login Button
-- Reaching HomePage]]>
  </system-out>
</testsuite> <!-- Verify_Login_Func -->
